INFO	866.196202 sec	: Session log file /home/cobra/.indi/logs/2020-07-30/indi_usbfocusv3_focus/indi_usbfocusv3_focus_19:02:41.log
ERROR	873.682441 sec	: USBFocusV3 not properly identified! Answer was: ER=1.
INFO	873.682639 sec	: Error retrieving data from USBFocusV3, trying resync...
INFO	873.682732 sec	: Retry 1...
INFO	876.685892 sec	: Retry 2...
INFO	879.689196 sec	: Retry 3...
INFO	882.692458 sec	: Retry 4...
INFO	885.695717 sec	: Retry 5...
INFO	888.696135 sec	: Retry 6...
ERROR	891.699405 sec	: No valid resync response.
INFO	891.699570 sec	: Error retrieving data from USBFocusV3, please ensure controller is powered and the port is correct.
DEBUG	923.246888 sec	: Toggle Logging Level -- Driver Debug
DEBUG	927.822040 sec	: Connecting to /dev/ttyACM0 @ 9600
DEBUG	927.825018 sec	: Port FD 4
DEBUG	927.825198 sec	: Connection successful, attempting handshake...
DEBUG	927.825293 sec	: CMD: SWHOIS.
DEBUG	927.826621 sec	: RES: ER=1.
ERROR	927.826779 sec	: USBFocusV3 not properly identified! Answer was: ER=1.
INFO	927.826851 sec	: Error retrieving data from USBFocusV3, trying resync...
INFO	927.826930 sec	: Retry 1...
INFO	930.830080 sec	: Retry 2...
INFO	933.833368 sec	: Retry 3...
INFO	936.836667 sec	: Retry 4...
INFO	939.839940 sec	: Retry 5...
INFO	942.843222 sec	: Retry 6...
ERROR	945.846495 sec	: No valid resync response.
INFO	945.846703 sec	: Error retrieving data from USBFocusV3, please ensure controller is powered and the port is correct.
DEBUG	945.846809 sec	: Handshake failed.
